{"E:\\btpn_test\\SimpleContacts\\App.js": {"path":"E:\\btpn_test\\SimpleContacts\\App.js","statementMap":{"0":{"start":{"line":27,"column":30},"end":{"line":73,"column":1}},"1":{"start":{"line":28,"column":2},"end":{"line":72,"column":4}},"2":{"start":{"line":75,"column":15},"end":{"line":112,"column":2}}},"fnMap":{"0":{"name":"(anonymous_0)","decl":{"start":{"line":27,"column":30},"end":{"line":27,"column":31}},"loc":{"start":{"line":27,"column":36},"end":{"line":73,"column":1}},"line":27}},"branchMap":{"0":{"loc":{"start":{"line":36,"column":11},"end":{"line":40,"column":11}},"type":"cond-expr","locations":[{"start":{"line":36,"column":43},"end":{"line":36,"column":47}},{"start":{"line":37,"column":12},"end":{"line":39,"column":19}}],"line":36}},"s":{"0":1,"1":1,"2":1},"f":{"0":1},"b":{"0":[1,0]},"_coverageSchema":"1a1c01bbd47fc00a2c39e90264f33305004495a9","hash":"d1ccd57517da0d577ba769f9d5d9ba346b210625"}
,"E:\\btpn_test\\SimpleContacts\\src\\APIs\\config.js": {"path":"E:\\btpn_test\\SimpleContacts\\src\\APIs\\config.js","statementMap":{},"fnMap":{},"branchMap":{},"s":{},"f":{},"b":{},"_coverageSchema":"1a1c01bbd47fc00a2c39e90264f33305004495a9","hash":"52320698cb50ad4c6c67822065fee88d4d7cb9e3"}
,"E:\\btpn_test\\SimpleContacts\\src\\APIs\\contactAPI.js": {"path":"E:\\btpn_test\\SimpleContacts\\src\\APIs\\contactAPI.js","statementMap":{"0":{"start":{"line":3,"column":12},"end":{"line":3,"column":22}},"1":{"start":{"line":4,"column":20},"end":{"line":16,"column":1}},"2":{"start":{"line":5,"column":2},"end":{"line":15,"column":7}},"3":{"start":{"line":8,"column":6},"end":{"line":8,"column":18}},"4":{"start":{"line":11,"column":6},"end":{"line":14,"column":8}},"5":{"start":{"line":18,"column":22},"end":{"line":30,"column":1}},"6":{"start":{"line":19,"column":2},"end":{"line":29,"column":7}},"7":{"start":{"line":22,"column":6},"end":{"line":22,"column":18}},"8":{"start":{"line":25,"column":6},"end":{"line":28,"column":8}},"9":{"start":{"line":32,"column":22},"end":{"line":44,"column":1}},"10":{"start":{"line":33,"column":2},"end":{"line":43,"column":7}},"11":{"start":{"line":36,"column":6},"end":{"line":36,"column":18}},"12":{"start":{"line":39,"column":6},"end":{"line":42,"column":8}},"13":{"start":{"line":46,"column":22},"end":{"line":64,"column":1}},"14":{"start":{"line":47,"column":17},"end":{"line":52,"column":3}},"15":{"start":{"line":53,"column":2},"end":{"line":63,"column":7}},"16":{"start":{"line":56,"column":6},"end":{"line":56,"column":18}},"17":{"start":{"line":59,"column":6},"end":{"line":62,"column":8}},"18":{"start":{"line":66,"column":22},"end":{"line":78,"column":1}},"19":{"start":{"line":67,"column":2},"end":{"line":77,"column":7}},"20":{"start":{"line":70,"column":6},"end":{"line":70,"column":18}},"21":{"start":{"line":73,"column":6},"end":{"line":76,"column":8}}},"fnMap":{"0":{"name":"(anonymous_0)","decl":{"start":{"line":4,"column":20},"end":{"line":4,"column":21}},"loc":{"start":{"line":4,"column":26},"end":{"line":16,"column":1}},"line":4},"1":{"name":"(anonymous_1)","decl":{"start":{"line":7,"column":10},"end":{"line":7,"column":11}},"loc":{"start":{"line":7,"column":22},"end":{"line":9,"column":5}},"line":7},"2":{"name":"(anonymous_2)","decl":{"start":{"line":10,"column":11},"end":{"line":10,"column":12}},"loc":{"start":{"line":10,"column":22},"end":{"line":15,"column":5}},"line":10},"3":{"name":"(anonymous_3)","decl":{"start":{"line":18,"column":22},"end":{"line":18,"column":23}},"loc":{"start":{"line":18,"column":30},"end":{"line":30,"column":1}},"line":18},"4":{"name":"(anonymous_4)","decl":{"start":{"line":21,"column":10},"end":{"line":21,"column":11}},"loc":{"start":{"line":21,"column":22},"end":{"line":23,"column":5}},"line":21},"5":{"name":"(anonymous_5)","decl":{"start":{"line":24,"column":11},"end":{"line":24,"column":12}},"loc":{"start":{"line":24,"column":22},"end":{"line":29,"column":5}},"line":24},"6":{"name":"(anonymous_6)","decl":{"start":{"line":32,"column":22},"end":{"line":32,"column":23}},"loc":{"start":{"line":32,"column":61},"end":{"line":44,"column":1}},"line":32},"7":{"name":"(anonymous_7)","decl":{"start":{"line":35,"column":10},"end":{"line":35,"column":11}},"loc":{"start":{"line":35,"column":22},"end":{"line":37,"column":5}},"line":35},"8":{"name":"(anonymous_8)","decl":{"start":{"line":38,"column":11},"end":{"line":38,"column":12}},"loc":{"start":{"line":38,"column":22},"end":{"line":43,"column":5}},"line":38},"9":{"name":"(anonymous_9)","decl":{"start":{"line":46,"column":22},"end":{"line":46,"column":23}},"loc":{"start":{"line":46,"column":65},"end":{"line":64,"column":1}},"line":46},"10":{"name":"(anonymous_10)","decl":{"start":{"line":55,"column":10},"end":{"line":55,"column":11}},"loc":{"start":{"line":55,"column":22},"end":{"line":57,"column":5}},"line":55},"11":{"name":"(anonymous_11)","decl":{"start":{"line":58,"column":11},"end":{"line":58,"column":12}},"loc":{"start":{"line":58,"column":22},"end":{"line":63,"column":5}},"line":58},"12":{"name":"(anonymous_12)","decl":{"start":{"line":66,"column":22},"end":{"line":66,"column":23}},"loc":{"start":{"line":66,"column":30},"end":{"line":78,"column":1}},"line":66},"13":{"name":"(anonymous_13)","decl":{"start":{"line":69,"column":10},"end":{"line":69,"column":11}},"loc":{"start":{"line":69,"column":22},"end":{"line":71,"column":5}},"line":69},"14":{"name":"(anonymous_14)","decl":{"start":{"line":72,"column":11},"end":{"line":72,"column":12}},"loc":{"start":{"line":72,"column":22},"end":{"line":77,"column":5}},"line":72}},"branchMap":{},"s":{"0":1,"1":1,"2":1,"3":1,"4":0,"5":1,"6":2,"7":1,"8":1,"9":1,"10":3,"11":1,"12":2,"13":1,"14":3,"15":3,"16":1,"17":2,"18":1,"19":1,"20":0,"21":1},"f":{"0":1,"1":1,"2":0,"3":2,"4":1,"5":1,"6":3,"7":1,"8":2,"9":3,"10":1,"11":2,"12":1,"13":0,"14":1},"b":{},"_coverageSchema":"1a1c01bbd47fc00a2c39e90264f33305004495a9","hash":"c27c856b66207715a4a5f902b02194b52bb2a71d"}
,"E:\\btpn_test\\SimpleContacts\\src\\components\\molecules\\customButton.js": {"path":"E:\\btpn_test\\SimpleContacts\\src\\components\\molecules\\customButton.js","statementMap":{"0":{"start":{"line":4,"column":21},"end":{"line":10,"column":1}},"1":{"start":{"line":5,"column":2},"end":{"line":9,"column":4}}},"fnMap":{"0":{"name":"(anonymous_0)","decl":{"start":{"line":4,"column":21},"end":{"line":4,"column":22}},"loc":{"start":{"line":4,"column":44},"end":{"line":10,"column":1}},"line":4}},"branchMap":{},"s":{"0":1,"1":1},"f":{"0":1},"b":{},"_coverageSchema":"1a1c01bbd47fc00a2c39e90264f33305004495a9","hash":"22910c1d892f050d773affe1c75836ed4f6ed276"}
,"E:\\btpn_test\\SimpleContacts\\src\\components\\molecules\\customTextInput.js": {"path":"E:\\btpn_test\\SimpleContacts\\src\\components\\molecules\\customTextInput.js","statementMap":{"0":{"start":{"line":4,"column":24},"end":{"line":14,"column":1}},"1":{"start":{"line":5,"column":2},"end":{"line":13,"column":4}},"2":{"start":{"line":16,"column":15},"end":{"line":24,"column":2}}},"fnMap":{"0":{"name":"(anonymous_0)","decl":{"start":{"line":4,"column":24},"end":{"line":4,"column":25}},"loc":{"start":{"line":4,"column":74},"end":{"line":14,"column":1}},"line":4}},"branchMap":{},"s":{"0":1,"1":1,"2":1},"f":{"0":1},"b":{},"_coverageSchema":"1a1c01bbd47fc00a2c39e90264f33305004495a9","hash":"1ef81c332b7b5a4ece08be0074a97b03292070c9"}
,"E:\\btpn_test\\SimpleContacts\\src\\components\\molecules\\index.js": {"path":"E:\\btpn_test\\SimpleContacts\\src\\components\\molecules\\index.js","statementMap":{},"fnMap":{},"branchMap":{},"s":{},"f":{},"b":{},"_coverageSchema":"1a1c01bbd47fc00a2c39e90264f33305004495a9","hash":"09b32213ffe2b372b0edf04dd4d48c075989aeb5"}
,"E:\\btpn_test\\SimpleContacts\\src\\components\\molecules\\roundButton.js": {"path":"E:\\btpn_test\\SimpleContacts\\src\\components\\molecules\\roundButton.js","statementMap":{"0":{"start":{"line":4,"column":20},"end":{"line":10,"column":1}},"1":{"start":{"line":5,"column":2},"end":{"line":9,"column":4}},"2":{"start":{"line":12,"column":15},"end":{"line":26,"column":2}}},"fnMap":{"0":{"name":"(anonymous_0)","decl":{"start":{"line":4,"column":20},"end":{"line":4,"column":21}},"loc":{"start":{"line":4,"column":35},"end":{"line":10,"column":1}},"line":4}},"branchMap":{},"s":{"0":1,"1":1,"2":1},"f":{"0":1},"b":{},"_coverageSchema":"1a1c01bbd47fc00a2c39e90264f33305004495a9","hash":"844c6dd36843ee33d53ad3aab10db83a4d1ae852"}
}
